Arguments: 
  C:\Program Files\nodejs\node.exe C:\Users\30388\AppData\Roaming\npm\node_modules\yarn\bin\yarn.js init

PATH: 
  C:\Program Files (x86)\VMware\VMware Workstation\bin\;C:\Program Files\Microsoft\jdk-17.0.5.8-hotspot\bin;D:\python\Scripts\;D:\python\;C:\Windows\system32;C:\Windows;C:\Windows\System32\Wbem;C:\Windows\System32\WindowsPowerShell\v1.0\;C:\Windows\System32\OpenSSH\;C:\Program Files\Bandizip\;D:\Putty\;C:\Program Files\Docker\Docker\resources\bin;C:\Users\30388\Downloads\ffmpeg-5.1.2-essentials_build\bin;D:\nvm;C:\Program Files\nodejs;D:\微信web开发者工具\dll;%PYENV;\bin;C:\Users\30388\.pyenv\pyenv-win\shims;D:\微信web开发者工具另一个版本\dll;D:\Git\cmd;D:\ffmpeg-master-latest-win64-gpl\bin;C:\Users\30388\.pyenv\pyenv-win\bin;C:\Users\30388\.pyenv\pyenv-win\shims;C:\Users\30388\.cargo\bin;C:\Users\30388\AppData\Local\Microsoft\WindowsApps;D:\Microsoft VS Code\bin;D:\GO\bin;C:\Users\30388\AppData\Roaming\npm;C:\Users\30388\AppData\Local\GitHubDesktop\bin;D:\nvm;C:\Program Files\nodejs

Yarn version: 
  1.22.19

Node version: 
  16.19.0

Platform: 
  win32 x64

Trace: 
  Error: canceled
      at Interface.<anonymous> (C:\Users\30388\AppData\Roaming\npm\node_modules\yarn\lib\cli.js:137150:13)
      at Interface.emit (node:events:513:28)
      at Interface._ttyWrite (node:readline:1085:16)
      at ReadStream.onkeypress (node:readline:291:10)
      at ReadStream.emit (node:events:513:28)
      at emitKeys (node:internal/readline/utils:357:14)
      at emitKeys.next (<anonymous>)
      at ReadStream.onData (node:internal/readline/emitKeypressEvents:61:36)
      at ReadStream.emit (node:events:513:28)
      at addChunk (node:internal/streams/readable:315:12)

npm manifest: 
  No manifest

yarn manifest: 
  No manifest

Lockfile: 
  No lockfile
